[2025-03-21 22:39:22] [ERROR]: Error loading command from C:\Users\user\Downloads\test\DiscordBot\commands\room\ban.js: Unexpected token '<' {
  "stack": "SyntaxError: Unexpected token '<'\n    at compileSourceTextModule (node:internal/modules/esm/utils:338:16)\n    at ModuleLoader.importSyncForRequire (node:internal/modules/esm/loader:328:18)\n    at loadESMFromCJS (node:internal/modules/cjs/loader:1570:24)\n    at Module._compile (node:internal/modules/cjs/loader:1722:5)\n    at Object..js (node:internal/modules/cjs/loader:1905:10)\n    at Module.load (node:internal/modules/cjs/loader:1474:32)\n    at Function._load (node:internal/modules/cjs/loader:1286:12)\n    at TracingChannel.traceSync (node:diagnostics_channel:322:14)\n    at wrapModuleLoad (node:internal/modules/cjs/loader:234:24)\n    at Module.require (node:internal/modules/cjs/loader:1496:12)"
}
[2025-03-21 22:39:22] [ERROR]: Error loading command from C:\Users\user\Downloads\test\DiscordBot\commands\room\kick.js: Unexpected token '<' {
  "stack": "SyntaxError: Unexpected token '<'\n    at compileSourceTextModule (node:internal/modules/esm/utils:338:16)\n    at ModuleLoader.importSyncForRequire (node:internal/modules/esm/loader:328:18)\n    at loadESMFromCJS (node:internal/modules/cjs/loader:1570:24)\n    at Module._compile (node:internal/modules/cjs/loader:1722:5)\n    at Object..js (node:internal/modules/cjs/loader:1905:10)\n    at Module.load (node:internal/modules/cjs/loader:1474:32)\n    at Function._load (node:internal/modules/cjs/loader:1286:12)\n    at TracingChannel.traceSync (node:diagnostics_channel:322:14)\n    at wrapModuleLoad (node:internal/modules/cjs/loader:234:24)\n    at Module.require (node:internal/modules/cjs/loader:1496:12)"
}
[2025-03-21 22:39:22] [ERROR]: Error loading command from C:\Users\user\Downloads\test\DiscordBot\commands\room\mute.js: Unexpected token '<' {
  "stack": "SyntaxError: Unexpected token '<'\n    at compileSourceTextModule (node:internal/modules/esm/utils:338:16)\n    at ModuleLoader.importSyncForRequire (node:internal/modules/esm/loader:328:18)\n    at loadESMFromCJS (node:internal/modules/cjs/loader:1570:24)\n    at Module._compile (node:internal/modules/cjs/loader:1722:5)\n    at Object..js (node:internal/modules/cjs/loader:1905:10)\n    at Module.load (node:internal/modules/cjs/loader:1474:32)\n    at Function._load (node:internal/modules/cjs/loader:1286:12)\n    at TracingChannel.traceSync (node:diagnostics_channel:322:14)\n    at wrapModuleLoad (node:internal/modules/cjs/loader:234:24)\n    at Module.require (node:internal/modules/cjs/loader:1496:12)"
}
[2025-03-21 22:39:22] [ERROR]: Error loading command from C:\Users\user\Downloads\test\DiscordBot\commands\room\transfer.js: Unexpected token '<' {
  "stack": "SyntaxError: Unexpected token '<'\n    at compileSourceTextModule (node:internal/modules/esm/utils:338:16)\n    at ModuleLoader.importSyncForRequire (node:internal/modules/esm/loader:328:18)\n    at loadESMFromCJS (node:internal/modules/cjs/loader:1570:24)\n    at Module._compile (node:internal/modules/cjs/loader:1722:5)\n    at Object..js (node:internal/modules/cjs/loader:1905:10)\n    at Module.load (node:internal/modules/cjs/loader:1474:32)\n    at Function._load (node:internal/modules/cjs/loader:1286:12)\n    at TracingChannel.traceSync (node:diagnostics_channel:322:14)\n    at wrapModuleLoad (node:internal/modules/cjs/loader:234:24)\n    at Module.require (node:internal/modules/cjs/loader:1496:12)"
}
[2025-03-21 22:39:22] [ERROR]: Error loading command from C:\Users\user\Downloads\test\DiscordBot\commands\room\unban.js: Unexpected token '<' {
  "stack": "SyntaxError: Unexpected token '<'\n    at compileSourceTextModule (node:internal/modules/esm/utils:338:16)\n    at ModuleLoader.importSyncForRequire (node:internal/modules/esm/loader:328:18)\n    at loadESMFromCJS (node:internal/modules/cjs/loader:1570:24)\n    at Module._compile (node:internal/modules/cjs/loader:1722:5)\n    at Object..js (node:internal/modules/cjs/loader:1905:10)\n    at Module.load (node:internal/modules/cjs/loader:1474:32)\n    at Function._load (node:internal/modules/cjs/loader:1286:12)\n    at TracingChannel.traceSync (node:diagnostics_channel:322:14)\n    at wrapModuleLoad (node:internal/modules/cjs/loader:234:24)\n    at Module.require (node:internal/modules/cjs/loader:1496:12)"
}
[2025-03-21 22:39:22] [ERROR]: Error loading command from C:\Users\user\Downloads\test\DiscordBot\commands\room\unmute.js: Unexpected token '<' {
  "stack": "SyntaxError: Unexpected token '<'\n    at compileSourceTextModule (node:internal/modules/esm/utils:338:16)\n    at ModuleLoader.importSyncForRequire (node:internal/modules/esm/loader:328:18)\n    at loadESMFromCJS (node:internal/modules/cjs/loader:1570:24)\n    at Module._compile (node:internal/modules/cjs/loader:1722:5)\n    at Object..js (node:internal/modules/cjs/loader:1905:10)\n    at Module.load (node:internal/modules/cjs/loader:1474:32)\n    at Function._load (node:internal/modules/cjs/loader:1286:12)\n    at TracingChannel.traceSync (node:diagnostics_channel:322:14)\n    at wrapModuleLoad (node:internal/modules/cjs/loader:234:24)\n    at Module.require (node:internal/modules/cjs/loader:1496:12)"
}
[2025-03-21 22:39:22] [ERROR]: Error loading command from C:\Users\user\Downloads\test\DiscordBot\commands\room\votemute.js: Unexpected token '<' {
  "stack": "SyntaxError: Unexpected token '<'\n    at compileSourceTextModule (node:internal/modules/esm/utils:338:16)\n    at ModuleLoader.importSyncForRequire (node:internal/modules/esm/loader:328:18)\n    at loadESMFromCJS (node:internal/modules/cjs/loader:1570:24)\n    at Module._compile (node:internal/modules/cjs/loader:1722:5)\n    at Object..js (node:internal/modules/cjs/loader:1905:10)\n    at Module.load (node:internal/modules/cjs/loader:1474:32)\n    at Function._load (node:internal/modules/cjs/loader:1286:12)\n    at TracingChannel.traceSync (node:diagnostics_channel:322:14)\n    at wrapModuleLoad (node:internal/modules/cjs/loader:234:24)\n    at Module.require (node:internal/modules/cjs/loader:1496:12)"
}
[2025-03-21 22:39:22] [ERROR]: Error loading event messageCreate.js: Unexpected token '<' {
  "stack": "SyntaxError: Unexpected token '<'\n    at compileSourceTextModule (node:internal/modules/esm/utils:338:16)\n    at ModuleLoader.importSyncForRequire (node:internal/modules/esm/loader:328:18)\n    at loadESMFromCJS (node:internal/modules/cjs/loader:1570:24)\n    at Module._compile (node:internal/modules/cjs/loader:1722:5)\n    at Object..js (node:internal/modules/cjs/loader:1905:10)\n    at Module.load (node:internal/modules/cjs/loader:1474:32)\n    at Function._load (node:internal/modules/cjs/loader:1286:12)\n    at TracingChannel.traceSync (node:diagnostics_channel:322:14)\n    at wrapModuleLoad (node:internal/modules/cjs/loader:234:24)\n    at Module.require (node:internal/modules/cjs/loader:1496:12)"
}
[2025-03-21 22:39:22] [ERROR]: Error loading event voiceStateUpdate.js: Unexpected token '<' {
  "stack": "SyntaxError: Unexpected token '<'\n    at compileSourceTextModule (node:internal/modules/esm/utils:338:16)\n    at ModuleLoader.importSyncForRequire (node:internal/modules/esm/loader:328:18)\n    at loadESMFromCJS (node:internal/modules/cjs/loader:1570:24)\n    at Module._compile (node:internal/modules/cjs/loader:1722:5)\n    at Object..js (node:internal/modules/cjs/loader:1905:10)\n    at Module.load (node:internal/modules/cjs/loader:1474:32)\n    at Function._load (node:internal/modules/cjs/loader:1286:12)\n    at TracingChannel.traceSync (node:diagnostics_channel:322:14)\n    at wrapModuleLoad (node:internal/modules/cjs/loader:234:24)\n    at Module.require (node:internal/modules/cjs/loader:1496:12)"
}
